INFO  [2014-04-07 01:49:17,472] org.reflections.Reflections: Reflections took 190 ms to scan 1 urls, producing 2 keys and 2 values 
DEBUG [2014-04-07 01:49:18,302] edu.sjsu.cmpe.procurement.ProcurementService: Queue name is /queue/99999.book.orders. Topic is /topic/99999.book.
WARN  [2014-04-07 01:49:18,345] com.yammer.dropwizard.config.ServerFactory: 
!!!!!!!!!!!!!!!!!!!!!!!!!!!!!!!!!!!!!!!!!!!!!!!!!!!!!!!!!!!!!!!!!!!!!!!!!!!!!!!!
!!!!!!!!!!!!!!!!!!!!!!!!!!!!!!!!!!!!!!!!!!!!!!!!!!!!!!!!!!!!!!!!!!!!!!!!!!!!!!!!
!    THIS SERVICE HAS NO HEALTHCHECKS. THIS MEANS YOU WILL NEVER KNOW IF IT    !
!    DIES IN PRODUCTION, WHICH MEANS YOU WILL NEVER KNOW IF YOU'RE LETTING     !
!     YOUR USERS DOWN. YOU SHOULD ADD A HEALTHCHECK FOR EACH DEPENDENCY OF     !
!     YOUR SERVICE WHICH FULLY (BUT LIGHTLY) TESTS YOUR SERVICE'S ABILITY TO   !
!      USE THAT SERVICE. THINK OF IT AS A CONTINUOUS INTEGRATION TEST.         !
!!!!!!!!!!!!!!!!!!!!!!!!!!!!!!!!!!!!!!!!!!!!!!!!!!!!!!!!!!!!!!!!!!!!!!!!!!!!!!!!
!!!!!!!!!!!!!!!!!!!!!!!!!!!!!!!!!!!!!!!!!!!!!!!!!!!!!!!!!!!!!!!!!!!!!!!!!!!!!!!!
INFO  [2014-04-07 01:49:18,510] com.yammer.dropwizard.cli.ServerCommand: Starting procurement-service
INFO  [2014-04-07 01:49:18,516] org.eclipse.jetty.server.Server: jetty-8.1.10.v20130312
INFO  [2014-04-07 01:49:18,681] com.sun.jersey.server.impl.application.WebApplicationImpl: Initiating Jersey application, version 'Jersey: 1.17.1 02/28/2013 12:47 PM'
INFO  [2014-04-07 01:49:18,787] com.yammer.dropwizard.config.Environment: The following paths were found for the configured resources:

    GET     / (edu.sjsu.cmpe.procurement.api.resources.RootResource)

INFO  [2014-04-07 01:49:18,788] com.yammer.dropwizard.config.Environment: tasks = 

    POST    /tasks/gc (com.yammer.dropwizard.tasks.GarbageCollectionTask)

INFO  [2014-04-07 01:49:19,207] org.quartz.impl.StdSchedulerFactory: Using default implementation for ThreadExecutor
INFO  [2014-04-07 01:49:19,212] org.quartz.simpl.SimpleThreadPool: Job execution threads will use class loader of thread: main
INFO  [2014-04-07 01:49:19,233] org.quartz.core.SchedulerSignalerImpl: Initialized Scheduler Signaller of type: class org.quartz.core.SchedulerSignalerImpl
INFO  [2014-04-07 01:49:19,235] org.quartz.core.QuartzScheduler: Quartz Scheduler v.2.2.0 created.
INFO  [2014-04-07 01:49:19,236] org.quartz.simpl.RAMJobStore: RAMJobStore initialized.
INFO  [2014-04-07 01:49:19,238] org.quartz.core.QuartzScheduler: Scheduler meta-data: Quartz Scheduler (v2.2.0) 'DefaultQuartzScheduler' with instanceId 'NON_CLUSTERED'
  Scheduler class: 'org.quartz.core.QuartzScheduler' - running locally.
  NOT STARTED.
  Currently in standby mode.
  Number of jobs executed: 0
  Using thread pool 'org.quartz.simpl.SimpleThreadPool' - with 10 threads.
  Using job-store 'org.quartz.simpl.RAMJobStore' - which does not support persistence. and is not clustered.

INFO  [2014-04-07 01:49:19,238] org.quartz.impl.StdSchedulerFactory: Quartz scheduler 'DefaultQuartzScheduler' initialized from default resource file in Quartz package: 'quartz.properties'
INFO  [2014-04-07 01:49:19,238] org.quartz.impl.StdSchedulerFactory: Quartz scheduler version: 2.2.0
INFO  [2014-04-07 01:49:19,238] org.quartz.core.QuartzScheduler: Scheduler DefaultQuartzScheduler_$_NON_CLUSTERED started.
INFO  [2014-04-07 01:49:19,247] de.spinscale.dropwizard.jobs.JobManager: Jobs to run on application start: []
INFO  [2014-04-07 01:49:19,251] de.spinscale.dropwizard.jobs.JobManager: Jobs with @Every annotation: [class edu.sjsu.cmpe.procurement.jobs.ProcurementSchedulerJob]
INFO  [2014-04-07 01:49:19,285] de.spinscale.dropwizard.jobs.JobManager: Jobs with @On annotation: []
INFO  [2014-04-07 01:49:19,301] org.eclipse.jetty.server.AbstractConnector: Started InstrumentedBlockingChannelConnector@0.0.0.0:9090
INFO  [2014-04-07 01:49:19,306] org.eclipse.jetty.server.AbstractConnector: Started SocketConnector@0.0.0.0:9000
DEBUG [2014-04-07 01:49:25,798] edu.sjsu.cmpe.procurement.jobs.ProcurementSchedulerJob: Response from jsontest.com: {"ip": "50.184.169.229"}

DEBUG [2014-04-07 01:50:05,044] edu.sjsu.cmpe.procurement.jobs.ProcurementSchedulerJob: Response from jsontest.com: {"ip": "50.184.169.229"}

ERROR [2014-04-07 01:50:46,303] org.quartz.core.JobRunShell: Job DEFAULT.6da64b5bd2ee-8f24a664-3a33-40ff-bb59-7f846e7a4328 threw an unhandled Exception: 
! com.sun.jersey.api.client.ClientHandlerException: org.apache.http.conn.ConnectTimeoutException: Connect to ip.jsontest.com:80 timed out
! at com.sun.jersey.client.apache4.ApacheHttpClient4Handler.handle(ApacheHttpClient4Handler.java:184) ~[jersey-apache-client4-1.17.1.jar:1.17.1]
! at com.sun.jersey.api.client.filter.GZIPContentEncodingFilter.handle(GZIPContentEncodingFilter.java:120) ~[jersey-client-1.17.1.jar:1.17.1]
! at com.sun.jersey.api.client.Client.handle(Client.java:648) ~[jersey-client-1.17.1.jar:1.17.1]
! at com.sun.jersey.api.client.WebResource.handle(WebResource.java:680) ~[jersey-client-1.17.1.jar:1.17.1]
! at com.sun.jersey.api.client.WebResource.get(WebResource.java:191) ~[jersey-client-1.17.1.jar:1.17.1]
! at edu.sjsu.cmpe.procurement.jobs.ProcurementSchedulerJob.doJob(ProcurementSchedulerJob.java:92) ~[classes/:na]
! at de.spinscale.dropwizard.jobs.Job.execute(Job.java:22) ~[classes/:na]
! at org.quartz.core.JobRunShell.run(JobRunShell.java:207) ~[quartz-2.2.0.jar:na]
! at org.quartz.simpl.SimpleThreadPool$WorkerThread.run(SimpleThreadPool.java:560) [quartz-2.2.0.jar:na]
Caused by: ! org.apache.http.conn.ConnectTimeoutException: Connect to ip.jsontest.com:80 timed out
! at org.apache.http.conn.scheme.PlainSocketFactory.connectSocket(PlainSocketFactory.java:129) ~[httpclient-4.2.3.jar:4.2.3]
! at org.apache.http.impl.conn.DefaultClientConnectionOperator.openConnection(DefaultClientConnectionOperator.java:180) ~[httpclient-4.2.3.jar:4.2.3]
! at org.apache.http.impl.conn.ManagedClientConnectionImpl.open(ManagedClientConnectionImpl.java:294) ~[httpclient-4.2.3.jar:4.2.3]
! at org.apache.http.impl.client.DefaultRequestDirector.tryConnect(DefaultRequestDirector.java:645) ~[httpclient-4.2.3.jar:4.2.3]
! at org.apache.http.impl.client.DefaultRequestDirector.execute(DefaultRequestDirector.java:480) ~[httpclient-4.2.3.jar:4.2.3]
! at com.yammer.metrics.httpclient.InstrumentedRequestDirector.execute(InstrumentedRequestDirector.java:81) ~[metrics-httpclient-2.2.0.jar:na]
! at org.apache.http.impl.client.AbstractHttpClient.execute(AbstractHttpClient.java:906) ~[httpclient-4.2.3.jar:4.2.3]
! at com.sun.jersey.client.apache4.ApacheHttpClient4Handler.handle(ApacheHttpClient4Handler.java:168) ~[jersey-apache-client4-1.17.1.jar:1.17.1]
!... 8 common frames omitted
ERROR [2014-04-07 01:50:46,304] org.quartz.core.ErrorLogger: Job (DEFAULT.6da64b5bd2ee-8f24a664-3a33-40ff-bb59-7f846e7a4328 threw an exception.
! org.quartz.SchedulerException: Job threw an unhandled exception.
! at org.quartz.core.JobRunShell.run(JobRunShell.java:218) ~[quartz-2.2.0.jar:na]
! at org.quartz.simpl.SimpleThreadPool$WorkerThread.run(SimpleThreadPool.java:560) [quartz-2.2.0.jar:na]
Caused by: ! com.sun.jersey.api.client.ClientHandlerException: org.apache.http.conn.ConnectTimeoutException: Connect to ip.jsontest.com:80 timed out
! at com.sun.jersey.client.apache4.ApacheHttpClient4Handler.handle(ApacheHttpClient4Handler.java:184) ~[jersey-apache-client4-1.17.1.jar:1.17.1]
! at com.sun.jersey.api.client.filter.GZIPContentEncodingFilter.handle(GZIPContentEncodingFilter.java:120) ~[jersey-client-1.17.1.jar:1.17.1]
! at com.sun.jersey.api.client.Client.handle(Client.java:648) ~[jersey-client-1.17.1.jar:1.17.1]
! at com.sun.jersey.api.client.WebResource.handle(WebResource.java:680) ~[jersey-client-1.17.1.jar:1.17.1]
! at com.sun.jersey.api.client.WebResource.get(WebResource.java:191) ~[jersey-client-1.17.1.jar:1.17.1]
! at edu.sjsu.cmpe.procurement.jobs.ProcurementSchedulerJob.doJob(ProcurementSchedulerJob.java:92) ~[classes/:na]
! at de.spinscale.dropwizard.jobs.Job.execute(Job.java:22) ~[classes/:na]
! at org.quartz.core.JobRunShell.run(JobRunShell.java:207) ~[quartz-2.2.0.jar:na]
!... 1 common frames omitted
Caused by: ! org.apache.http.conn.ConnectTimeoutException: Connect to ip.jsontest.com:80 timed out
! at org.apache.http.conn.scheme.PlainSocketFactory.connectSocket(PlainSocketFactory.java:129) ~[httpclient-4.2.3.jar:4.2.3]
! at org.apache.http.impl.conn.DefaultClientConnectionOperator.openConnection(DefaultClientConnectionOperator.java:180) ~[httpclient-4.2.3.jar:4.2.3]
! at org.apache.http.impl.conn.ManagedClientConnectionImpl.open(ManagedClientConnectionImpl.java:294) ~[httpclient-4.2.3.jar:4.2.3]
! at org.apache.http.impl.client.DefaultRequestDirector.tryConnect(DefaultRequestDirector.java:645) ~[httpclient-4.2.3.jar:4.2.3]
! at org.apache.http.impl.client.DefaultRequestDirector.execute(DefaultRequestDirector.java:480) ~[httpclient-4.2.3.jar:4.2.3]
! at com.yammer.metrics.httpclient.InstrumentedRequestDirector.execute(InstrumentedRequestDirector.java:81) ~[metrics-httpclient-2.2.0.jar:na]
! at org.apache.http.impl.client.AbstractHttpClient.execute(AbstractHttpClient.java:906) ~[httpclient-4.2.3.jar:4.2.3]
! at com.sun.jersey.client.apache4.ApacheHttpClient4Handler.handle(ApacheHttpClient4Handler.java:168) ~[jersey-apache-client4-1.17.1.jar:1.17.1]
!... 8 common frames omitted
DEBUG [2014-04-07 01:51:24,847] edu.sjsu.cmpe.procurement.jobs.ProcurementSchedulerJob: Response from jsontest.com: {"ip": "50.184.169.229"}

DEBUG [2014-04-07 01:52:04,856] edu.sjsu.cmpe.procurement.jobs.ProcurementSchedulerJob: Response from jsontest.com: {"ip": "50.184.169.229"}

INFO  [2014-04-07 01:52:30,373] org.reflections.Reflections: Reflections took 150 ms to scan 1 urls, producing 2 keys and 2 values 
DEBUG [2014-04-07 01:52:31,105] edu.sjsu.cmpe.procurement.ProcurementService: Queue name is /queue/99999.book.orders. Topic is /topic/99999.book.
WARN  [2014-04-07 01:52:31,135] com.yammer.dropwizard.config.ServerFactory: 
!!!!!!!!!!!!!!!!!!!!!!!!!!!!!!!!!!!!!!!!!!!!!!!!!!!!!!!!!!!!!!!!!!!!!!!!!!!!!!!!
!!!!!!!!!!!!!!!!!!!!!!!!!!!!!!!!!!!!!!!!!!!!!!!!!!!!!!!!!!!!!!!!!!!!!!!!!!!!!!!!
!    THIS SERVICE HAS NO HEALTHCHECKS. THIS MEANS YOU WILL NEVER KNOW IF IT    !
!    DIES IN PRODUCTION, WHICH MEANS YOU WILL NEVER KNOW IF YOU'RE LETTING     !
!     YOUR USERS DOWN. YOU SHOULD ADD A HEALTHCHECK FOR EACH DEPENDENCY OF     !
!     YOUR SERVICE WHICH FULLY (BUT LIGHTLY) TESTS YOUR SERVICE'S ABILITY TO   !
!      USE THAT SERVICE. THINK OF IT AS A CONTINUOUS INTEGRATION TEST.         !
!!!!!!!!!!!!!!!!!!!!!!!!!!!!!!!!!!!!!!!!!!!!!!!!!!!!!!!!!!!!!!!!!!!!!!!!!!!!!!!!
!!!!!!!!!!!!!!!!!!!!!!!!!!!!!!!!!!!!!!!!!!!!!!!!!!!!!!!!!!!!!!!!!!!!!!!!!!!!!!!!
INFO  [2014-04-07 01:52:31,251] com.yammer.dropwizard.cli.ServerCommand: Starting procurement-service
INFO  [2014-04-07 01:52:31,254] org.eclipse.jetty.server.Server: jetty-8.1.10.v20130312
INFO  [2014-04-07 01:52:31,394] com.sun.jersey.server.impl.application.WebApplicationImpl: Initiating Jersey application, version 'Jersey: 1.17.1 02/28/2013 12:47 PM'
INFO  [2014-04-07 01:52:31,451] com.yammer.dropwizard.config.Environment: The following paths were found for the configured resources:

    GET     / (edu.sjsu.cmpe.procurement.api.resources.RootResource)

INFO  [2014-04-07 01:52:31,452] com.yammer.dropwizard.config.Environment: tasks = 

    POST    /tasks/gc (com.yammer.dropwizard.tasks.GarbageCollectionTask)

INFO  [2014-04-07 01:52:31,866] org.quartz.impl.StdSchedulerFactory: Using default implementation for ThreadExecutor
INFO  [2014-04-07 01:52:31,871] org.quartz.simpl.SimpleThreadPool: Job execution threads will use class loader of thread: main
INFO  [2014-04-07 01:52:31,893] org.quartz.core.SchedulerSignalerImpl: Initialized Scheduler Signaller of type: class org.quartz.core.SchedulerSignalerImpl
INFO  [2014-04-07 01:52:31,894] org.quartz.core.QuartzScheduler: Quartz Scheduler v.2.2.0 created.
INFO  [2014-04-07 01:52:31,895] org.quartz.simpl.RAMJobStore: RAMJobStore initialized.
INFO  [2014-04-07 01:52:31,896] org.quartz.core.QuartzScheduler: Scheduler meta-data: Quartz Scheduler (v2.2.0) 'DefaultQuartzScheduler' with instanceId 'NON_CLUSTERED'
  Scheduler class: 'org.quartz.core.QuartzScheduler' - running locally.
  NOT STARTED.
  Currently in standby mode.
  Number of jobs executed: 0
  Using thread pool 'org.quartz.simpl.SimpleThreadPool' - with 10 threads.
  Using job-store 'org.quartz.simpl.RAMJobStore' - which does not support persistence. and is not clustered.

INFO  [2014-04-07 01:52:31,897] org.quartz.impl.StdSchedulerFactory: Quartz scheduler 'DefaultQuartzScheduler' initialized from default resource file in Quartz package: 'quartz.properties'
INFO  [2014-04-07 01:52:31,897] org.quartz.impl.StdSchedulerFactory: Quartz scheduler version: 2.2.0
INFO  [2014-04-07 01:52:31,897] org.quartz.core.QuartzScheduler: Scheduler DefaultQuartzScheduler_$_NON_CLUSTERED started.
INFO  [2014-04-07 01:52:31,903] de.spinscale.dropwizard.jobs.JobManager: Jobs to run on application start: []
INFO  [2014-04-07 01:52:31,904] de.spinscale.dropwizard.jobs.JobManager: Jobs with @Every annotation: [class edu.sjsu.cmpe.procurement.jobs.ProcurementSchedulerJob]
INFO  [2014-04-07 01:52:31,922] de.spinscale.dropwizard.jobs.JobManager: Jobs with @On annotation: []
INFO  [2014-04-07 01:52:31,936] org.eclipse.jetty.server.AbstractConnector: Started InstrumentedBlockingChannelConnector@0.0.0.0:9090
INFO  [2014-04-07 01:52:31,940] org.eclipse.jetty.server.AbstractConnector: Started SocketConnector@0.0.0.0:9000
DEBUG [2014-04-07 01:52:38,192] edu.sjsu.cmpe.procurement.jobs.ProcurementSchedulerJob: Response from jsontest.com: {"ip": "50.184.169.229"}

DEBUG [2014-04-07 01:53:37,854] edu.sjsu.cmpe.procurement.jobs.ProcurementSchedulerJob: Response from jsontest.com: {"ip": "50.184.169.229"}

INFO  [2014-04-07 01:58:44,180] org.reflections.Reflections: Reflections took 152 ms to scan 1 urls, producing 2 keys and 2 values 
DEBUG [2014-04-07 01:58:44,917] edu.sjsu.cmpe.procurement.ProcurementService: Queue name is /queue/99999.book.orders. Topic is /topic/99999.book.
WARN  [2014-04-07 01:58:44,951] com.yammer.dropwizard.config.ServerFactory: 
!!!!!!!!!!!!!!!!!!!!!!!!!!!!!!!!!!!!!!!!!!!!!!!!!!!!!!!!!!!!!!!!!!!!!!!!!!!!!!!!
!!!!!!!!!!!!!!!!!!!!!!!!!!!!!!!!!!!!!!!!!!!!!!!!!!!!!!!!!!!!!!!!!!!!!!!!!!!!!!!!
!    THIS SERVICE HAS NO HEALTHCHECKS. THIS MEANS YOU WILL NEVER KNOW IF IT    !
!    DIES IN PRODUCTION, WHICH MEANS YOU WILL NEVER KNOW IF YOU'RE LETTING     !
!     YOUR USERS DOWN. YOU SHOULD ADD A HEALTHCHECK FOR EACH DEPENDENCY OF     !
!     YOUR SERVICE WHICH FULLY (BUT LIGHTLY) TESTS YOUR SERVICE'S ABILITY TO   !
!      USE THAT SERVICE. THINK OF IT AS A CONTINUOUS INTEGRATION TEST.         !
!!!!!!!!!!!!!!!!!!!!!!!!!!!!!!!!!!!!!!!!!!!!!!!!!!!!!!!!!!!!!!!!!!!!!!!!!!!!!!!!
!!!!!!!!!!!!!!!!!!!!!!!!!!!!!!!!!!!!!!!!!!!!!!!!!!!!!!!!!!!!!!!!!!!!!!!!!!!!!!!!
INFO  [2014-04-07 01:58:45,068] com.yammer.dropwizard.cli.ServerCommand: Starting procurement-service
INFO  [2014-04-07 01:58:45,072] org.eclipse.jetty.server.Server: jetty-8.1.10.v20130312
INFO  [2014-04-07 01:58:45,206] com.sun.jersey.server.impl.application.WebApplicationImpl: Initiating Jersey application, version 'Jersey: 1.17.1 02/28/2013 12:47 PM'
INFO  [2014-04-07 01:58:45,255] com.yammer.dropwizard.config.Environment: The following paths were found for the configured resources:

    GET     / (edu.sjsu.cmpe.procurement.api.resources.RootResource)

INFO  [2014-04-07 01:58:45,255] com.yammer.dropwizard.config.Environment: tasks = 

    POST    /tasks/gc (com.yammer.dropwizard.tasks.GarbageCollectionTask)

INFO  [2014-04-07 01:58:45,624] org.quartz.impl.StdSchedulerFactory: Using default implementation for ThreadExecutor
INFO  [2014-04-07 01:58:45,630] org.quartz.simpl.SimpleThreadPool: Job execution threads will use class loader of thread: main
INFO  [2014-04-07 01:58:45,651] org.quartz.core.SchedulerSignalerImpl: Initialized Scheduler Signaller of type: class org.quartz.core.SchedulerSignalerImpl
INFO  [2014-04-07 01:58:45,652] org.quartz.core.QuartzScheduler: Quartz Scheduler v.2.2.0 created.
INFO  [2014-04-07 01:58:45,654] org.quartz.simpl.RAMJobStore: RAMJobStore initialized.
INFO  [2014-04-07 01:58:45,655] org.quartz.core.QuartzScheduler: Scheduler meta-data: Quartz Scheduler (v2.2.0) 'DefaultQuartzScheduler' with instanceId 'NON_CLUSTERED'
  Scheduler class: 'org.quartz.core.QuartzScheduler' - running locally.
  NOT STARTED.
  Currently in standby mode.
  Number of jobs executed: 0
  Using thread pool 'org.quartz.simpl.SimpleThreadPool' - with 10 threads.
  Using job-store 'org.quartz.simpl.RAMJobStore' - which does not support persistence. and is not clustered.

INFO  [2014-04-07 01:58:45,655] org.quartz.impl.StdSchedulerFactory: Quartz scheduler 'DefaultQuartzScheduler' initialized from default resource file in Quartz package: 'quartz.properties'
INFO  [2014-04-07 01:58:45,655] org.quartz.impl.StdSchedulerFactory: Quartz scheduler version: 2.2.0
INFO  [2014-04-07 01:58:45,656] org.quartz.core.QuartzScheduler: Scheduler DefaultQuartzScheduler_$_NON_CLUSTERED started.
INFO  [2014-04-07 01:58:45,662] de.spinscale.dropwizard.jobs.JobManager: Jobs to run on application start: []
INFO  [2014-04-07 01:58:45,663] de.spinscale.dropwizard.jobs.JobManager: Jobs with @Every annotation: [class edu.sjsu.cmpe.procurement.jobs.ProcurementSchedulerJob]
INFO  [2014-04-07 01:58:45,679] de.spinscale.dropwizard.jobs.JobManager: Jobs with @On annotation: []
INFO  [2014-04-07 01:58:45,689] org.eclipse.jetty.server.AbstractConnector: Started InstrumentedBlockingChannelConnector@0.0.0.0:9090
INFO  [2014-04-07 01:58:45,692] org.eclipse.jetty.server.AbstractConnector: Started SocketConnector@0.0.0.0:9000
DEBUG [2014-04-07 01:58:51,903] edu.sjsu.cmpe.procurement.jobs.ProcurementSchedulerJob: Response from jsontest.com: {"ip": "50.184.169.229"}

DEBUG [2014-04-07 01:59:51,303] edu.sjsu.cmpe.procurement.jobs.ProcurementSchedulerJob: Response from jsontest.com: {"ip": "50.184.169.229"}

INFO  [2014-04-07 02:52:24,700] org.reflections.Reflections: Reflections took 213 ms to scan 1 urls, producing 2 keys and 2 values 
DEBUG [2014-04-07 02:52:26,351] edu.sjsu.cmpe.procurement.ProcurementService: Queue name is /queue/99999.book.orders. Topic is /topic/99999.book.
WARN  [2014-04-07 02:52:26,381] com.yammer.dropwizard.config.ServerFactory: 
!!!!!!!!!!!!!!!!!!!!!!!!!!!!!!!!!!!!!!!!!!!!!!!!!!!!!!!!!!!!!!!!!!!!!!!!!!!!!!!!
!!!!!!!!!!!!!!!!!!!!!!!!!!!!!!!!!!!!!!!!!!!!!!!!!!!!!!!!!!!!!!!!!!!!!!!!!!!!!!!!
!    THIS SERVICE HAS NO HEALTHCHECKS. THIS MEANS YOU WILL NEVER KNOW IF IT    !
!    DIES IN PRODUCTION, WHICH MEANS YOU WILL NEVER KNOW IF YOU'RE LETTING     !
!     YOUR USERS DOWN. YOU SHOULD ADD A HEALTHCHECK FOR EACH DEPENDENCY OF     !
!     YOUR SERVICE WHICH FULLY (BUT LIGHTLY) TESTS YOUR SERVICE'S ABILITY TO   !
!      USE THAT SERVICE. THINK OF IT AS A CONTINUOUS INTEGRATION TEST.         !
!!!!!!!!!!!!!!!!!!!!!!!!!!!!!!!!!!!!!!!!!!!!!!!!!!!!!!!!!!!!!!!!!!!!!!!!!!!!!!!!
!!!!!!!!!!!!!!!!!!!!!!!!!!!!!!!!!!!!!!!!!!!!!!!!!!!!!!!!!!!!!!!!!!!!!!!!!!!!!!!!
INFO  [2014-04-07 02:52:26,507] com.yammer.dropwizard.cli.ServerCommand: Starting procurement-service
INFO  [2014-04-07 02:52:26,510] org.eclipse.jetty.server.Server: jetty-8.1.10.v20130312
INFO  [2014-04-07 02:52:26,666] com.sun.jersey.server.impl.application.WebApplicationImpl: Initiating Jersey application, version 'Jersey: 1.17.1 02/28/2013 12:47 PM'
INFO  [2014-04-07 02:52:26,732] com.yammer.dropwizard.config.Environment: The following paths were found for the configured resources:

    GET     / (edu.sjsu.cmpe.procurement.api.resources.RootResource)

INFO  [2014-04-07 02:52:26,732] com.yammer.dropwizard.config.Environment: tasks = 

    POST    /tasks/gc (com.yammer.dropwizard.tasks.GarbageCollectionTask)

INFO  [2014-04-07 02:52:27,191] org.quartz.impl.StdSchedulerFactory: Using default implementation for ThreadExecutor
INFO  [2014-04-07 02:52:27,198] org.quartz.simpl.SimpleThreadPool: Job execution threads will use class loader of thread: main
INFO  [2014-04-07 02:52:27,229] org.quartz.core.SchedulerSignalerImpl: Initialized Scheduler Signaller of type: class org.quartz.core.SchedulerSignalerImpl
INFO  [2014-04-07 02:52:27,230] org.quartz.core.QuartzScheduler: Quartz Scheduler v.2.2.0 created.
INFO  [2014-04-07 02:52:27,234] org.quartz.simpl.RAMJobStore: RAMJobStore initialized.
INFO  [2014-04-07 02:52:27,235] org.quartz.core.QuartzScheduler: Scheduler meta-data: Quartz Scheduler (v2.2.0) 'DefaultQuartzScheduler' with instanceId 'NON_CLUSTERED'
  Scheduler class: 'org.quartz.core.QuartzScheduler' - running locally.
  NOT STARTED.
  Currently in standby mode.
  Number of jobs executed: 0
  Using thread pool 'org.quartz.simpl.SimpleThreadPool' - with 10 threads.
  Using job-store 'org.quartz.simpl.RAMJobStore' - which does not support persistence. and is not clustered.

INFO  [2014-04-07 02:52:27,235] org.quartz.impl.StdSchedulerFactory: Quartz scheduler 'DefaultQuartzScheduler' initialized from default resource file in Quartz package: 'quartz.properties'
INFO  [2014-04-07 02:52:27,236] org.quartz.impl.StdSchedulerFactory: Quartz scheduler version: 2.2.0
INFO  [2014-04-07 02:52:27,236] org.quartz.core.QuartzScheduler: Scheduler DefaultQuartzScheduler_$_NON_CLUSTERED started.
INFO  [2014-04-07 02:52:27,245] de.spinscale.dropwizard.jobs.JobManager: Jobs to run on application start: []
INFO  [2014-04-07 02:52:27,246] de.spinscale.dropwizard.jobs.JobManager: Jobs with @Every annotation: [class edu.sjsu.cmpe.procurement.jobs.ProcurementSchedulerJob]
INFO  [2014-04-07 02:52:27,270] de.spinscale.dropwizard.jobs.JobManager: Jobs with @On annotation: []
INFO  [2014-04-07 02:52:27,285] org.eclipse.jetty.server.AbstractConnector: Started InstrumentedBlockingChannelConnector@0.0.0.0:9090
WARN  [2014-04-07 02:52:27,289] org.eclipse.jetty.server.AbstractConnector: insufficient threads configured for SocketConnector@0.0.0.0:9000
INFO  [2014-04-07 02:52:27,289] org.eclipse.jetty.server.AbstractConnector: Started SocketConnector@0.0.0.0:9000
ERROR [2014-04-07 02:52:27,721] org.quartz.core.JobRunShell: Job DEFAULT.6da64b5bd2ee-e42b2694-b044-4e38-8082-4e87d84f6ce7 threw an unhandled Exception: 
! com.sun.jersey.api.client.ClientHandlerException: java.net.NoRouteToHostException: No route to host: connect
! at com.sun.jersey.client.urlconnection.URLConnectionClientHandler.handle(URLConnectionClientHandler.java:151) ~[jersey-client-1.17.1.jar:1.17.1]
! at com.sun.jersey.api.client.Client.handle(Client.java:648) ~[jersey-client-1.17.1.jar:1.17.1]
! at com.sun.jersey.api.client.WebResource.handle(WebResource.java:680) ~[jersey-client-1.17.1.jar:1.17.1]
! at com.sun.jersey.api.client.WebResource.access$200(WebResource.java:74) ~[jersey-client-1.17.1.jar:1.17.1]
! at com.sun.jersey.api.client.WebResource$Builder.get(WebResource.java:507) ~[jersey-client-1.17.1.jar:1.17.1]
! at edu.sjsu.cmpe.procurement.jobs.ProcurementSchedulerJob.getDataFromPublisher(ProcurementSchedulerJob.java:218) ~[classes/:na]
! at edu.sjsu.cmpe.procurement.jobs.ProcurementSchedulerJob.doJob(ProcurementSchedulerJob.java:79) ~[classes/:na]
! at de.spinscale.dropwizard.jobs.Job.execute(Job.java:22) ~[classes/:na]
! at org.quartz.core.JobRunShell.run(JobRunShell.java:207) ~[quartz-2.2.0.jar:na]
! at org.quartz.simpl.SimpleThreadPool$WorkerThread.run(SimpleThreadPool.java:560) [quartz-2.2.0.jar:na]
Caused by: ! java.net.NoRouteToHostException: No route to host: connect
! at java.net.DualStackPlainSocketImpl.connect0(Native Method) ~[na:1.7.0_40]
! at java.net.DualStackPlainSocketImpl.socketConnect(DualStackPlainSocketImpl.java:79) ~[na:1.7.0_40]
! at java.net.AbstractPlainSocketImpl.doConnect(AbstractPlainSocketImpl.java:339) ~[na:1.7.0_40]
! at java.net.AbstractPlainSocketImpl.connectToAddress(AbstractPlainSocketImpl.java:200) ~[na:1.7.0_40]
! at java.net.AbstractPlainSocketImpl.connect(AbstractPlainSocketImpl.java:182) ~[na:1.7.0_40]
! at java.net.PlainSocketImpl.connect(PlainSocketImpl.java:172) ~[na:1.7.0_40]
! at java.net.SocksSocketImpl.connect(SocksSocketImpl.java:392) ~[na:1.7.0_40]
! at java.net.Socket.connect(Socket.java:579) ~[na:1.7.0_40]
! at java.net.Socket.connect(Socket.java:528) ~[na:1.7.0_40]
! at sun.net.NetworkClient.doConnect(NetworkClient.java:180) ~[na:1.7.0_40]
! at sun.net.www.http.HttpClient.openServer(HttpClient.java:432) ~[na:1.7.0_40]
! at sun.net.www.http.HttpClient.openServer(HttpClient.java:527) ~[na:1.7.0_40]
! at sun.net.www.http.HttpClient.<init>(HttpClient.java:211) ~[na:1.7.0_40]
! at sun.net.www.http.HttpClient.New(HttpClient.java:308) ~[na:1.7.0_40]
! at sun.net.www.http.HttpClient.New(HttpClient.java:326) ~[na:1.7.0_40]
! at sun.net.www.protocol.http.HttpURLConnection.getNewHttpClient(HttpURLConnection.java:996) ~[na:1.7.0_40]
! at sun.net.www.protocol.http.HttpURLConnection.plainConnect(HttpURLConnection.java:932) ~[na:1.7.0_40]
! at sun.net.www.protocol.http.HttpURLConnection.connect(HttpURLConnection.java:850) ~[na:1.7.0_40]
! at sun.net.www.protocol.http.HttpURLConnection.getInputStream(HttpURLConnection.java:1300) ~[na:1.7.0_40]
! at java.net.HttpURLConnection.getResponseCode(HttpURLConnection.java:468) ~[na:1.7.0_40]
! at com.sun.jersey.client.urlconnection.URLConnectionClientHandler._invoke(URLConnectionClientHandler.java:249) ~[jersey-client-1.17.1.jar:1.17.1]
! at com.sun.jersey.client.urlconnection.URLConnectionClientHandler.handle(URLConnectionClientHandler.java:149) ~[jersey-client-1.17.1.jar:1.17.1]
!... 9 common frames omitted
ERROR [2014-04-07 02:52:27,723] org.quartz.core.ErrorLogger: Job (DEFAULT.6da64b5bd2ee-e42b2694-b044-4e38-8082-4e87d84f6ce7 threw an exception.
! org.quartz.SchedulerException: Job threw an unhandled exception.
! at org.quartz.core.JobRunShell.run(JobRunShell.java:218) ~[quartz-2.2.0.jar:na]
! at org.quartz.simpl.SimpleThreadPool$WorkerThread.run(SimpleThreadPool.java:560) [quartz-2.2.0.jar:na]
Caused by: ! com.sun.jersey.api.client.ClientHandlerException: java.net.NoRouteToHostException: No route to host: connect
! at com.sun.jersey.client.urlconnection.URLConnectionClientHandler.handle(URLConnectionClientHandler.java:151) ~[jersey-client-1.17.1.jar:1.17.1]
! at com.sun.jersey.api.client.Client.handle(Client.java:648) ~[jersey-client-1.17.1.jar:1.17.1]
! at com.sun.jersey.api.client.WebResource.handle(WebResource.java:680) ~[jersey-client-1.17.1.jar:1.17.1]
! at com.sun.jersey.api.client.WebResource.access$200(WebResource.java:74) ~[jersey-client-1.17.1.jar:1.17.1]
! at com.sun.jersey.api.client.WebResource$Builder.get(WebResource.java:507) ~[jersey-client-1.17.1.jar:1.17.1]
! at edu.sjsu.cmpe.procurement.jobs.ProcurementSchedulerJob.getDataFromPublisher(ProcurementSchedulerJob.java:218) ~[classes/:na]
! at edu.sjsu.cmpe.procurement.jobs.ProcurementSchedulerJob.doJob(ProcurementSchedulerJob.java:79) ~[classes/:na]
! at de.spinscale.dropwizard.jobs.Job.execute(Job.java:22) ~[classes/:na]
! at org.quartz.core.JobRunShell.run(JobRunShell.java:207) ~[quartz-2.2.0.jar:na]
!... 1 common frames omitted
Caused by: ! java.net.NoRouteToHostException: No route to host: connect
! at java.net.DualStackPlainSocketImpl.connect0(Native Method) ~[na:1.7.0_40]
! at java.net.DualStackPlainSocketImpl.socketConnect(DualStackPlainSocketImpl.java:79) ~[na:1.7.0_40]
! at java.net.AbstractPlainSocketImpl.doConnect(AbstractPlainSocketImpl.java:339) ~[na:1.7.0_40]
! at java.net.AbstractPlainSocketImpl.connectToAddress(AbstractPlainSocketImpl.java:200) ~[na:1.7.0_40]
! at java.net.AbstractPlainSocketImpl.connect(AbstractPlainSocketImpl.java:182) ~[na:1.7.0_40]
! at java.net.PlainSocketImpl.connect(PlainSocketImpl.java:172) ~[na:1.7.0_40]
! at java.net.SocksSocketImpl.connect(SocksSocketImpl.java:392) ~[na:1.7.0_40]
! at java.net.Socket.connect(Socket.java:579) ~[na:1.7.0_40]
! at java.net.Socket.connect(Socket.java:528) ~[na:1.7.0_40]
! at sun.net.NetworkClient.doConnect(NetworkClient.java:180) ~[na:1.7.0_40]
! at sun.net.www.http.HttpClient.openServer(HttpClient.java:432) ~[na:1.7.0_40]
! at sun.net.www.http.HttpClient.openServer(HttpClient.java:527) ~[na:1.7.0_40]
! at sun.net.www.http.HttpClient.<init>(HttpClient.java:211) ~[na:1.7.0_40]
! at sun.net.www.http.HttpClient.New(HttpClient.java:308) ~[na:1.7.0_40]
! at sun.net.www.http.HttpClient.New(HttpClient.java:326) ~[na:1.7.0_40]
! at sun.net.www.protocol.http.HttpURLConnection.getNewHttpClient(HttpURLConnection.java:996) ~[na:1.7.0_40]
! at sun.net.www.protocol.http.HttpURLConnection.plainConnect(HttpURLConnection.java:932) ~[na:1.7.0_40]
! at sun.net.www.protocol.http.HttpURLConnection.connect(HttpURLConnection.java:850) ~[na:1.7.0_40]
! at sun.net.www.protocol.http.HttpURLConnection.getInputStream(HttpURLConnection.java:1300) ~[na:1.7.0_40]
! at java.net.HttpURLConnection.getResponseCode(HttpURLConnection.java:468) ~[na:1.7.0_40]
! at com.sun.jersey.client.urlconnection.URLConnectionClientHandler._invoke(URLConnectionClientHandler.java:249) ~[jersey-client-1.17.1.jar:1.17.1]
! at com.sun.jersey.client.urlconnection.URLConnectionClientHandler.handle(URLConnectionClientHandler.java:149) ~[jersey-client-1.17.1.jar:1.17.1]
!... 9 common frames omitted
DEBUG [2014-04-07 02:53:33,817] edu.sjsu.cmpe.procurement.jobs.ProcurementSchedulerJob: Response from jsontest.com: {"ip": "50.156.90.53"}

DEBUG [2014-04-07 02:54:33,013] edu.sjsu.cmpe.procurement.jobs.ProcurementSchedulerJob: Response from jsontest.com: {"ip": "50.156.90.53"}

ERROR [2014-04-07 02:55:36,144] org.quartz.core.JobRunShell: Job DEFAULT.6da64b5bd2ee-e42b2694-b044-4e38-8082-4e87d84f6ce7 threw an unhandled Exception: 
! com.sun.jersey.api.client.ClientHandlerException: java.net.SocketTimeoutException: Read timed out
! at com.sun.jersey.client.apache4.ApacheHttpClient4Handler.handle(ApacheHttpClient4Handler.java:184) ~[jersey-apache-client4-1.17.1.jar:1.17.1]
! at com.sun.jersey.api.client.filter.GZIPContentEncodingFilter.handle(GZIPContentEncodingFilter.java:120) ~[jersey-client-1.17.1.jar:1.17.1]
! at com.sun.jersey.api.client.Client.handle(Client.java:648) ~[jersey-client-1.17.1.jar:1.17.1]
! at com.sun.jersey.api.client.WebResource.handle(WebResource.java:680) ~[jersey-client-1.17.1.jar:1.17.1]
! at com.sun.jersey.api.client.WebResource.get(WebResource.java:191) ~[jersey-client-1.17.1.jar:1.17.1]
! at edu.sjsu.cmpe.procurement.jobs.ProcurementSchedulerJob.doJob(ProcurementSchedulerJob.java:92) ~[classes/:na]
! at de.spinscale.dropwizard.jobs.Job.execute(Job.java:22) ~[classes/:na]
! at org.quartz.core.JobRunShell.run(JobRunShell.java:207) ~[quartz-2.2.0.jar:na]
! at org.quartz.simpl.SimpleThreadPool$WorkerThread.run(SimpleThreadPool.java:560) [quartz-2.2.0.jar:na]
Caused by: ! java.net.SocketTimeoutException: Read timed out
! at java.net.SocketInputStream.socketRead0(Native Method) ~[na:1.7.0_40]
! at java.net.SocketInputStream.read(SocketInputStream.java:152) ~[na:1.7.0_40]
! at java.net.SocketInputStream.read(SocketInputStream.java:122) ~[na:1.7.0_40]
! at org.apache.http.impl.io.AbstractSessionInputBuffer.fillBuffer(AbstractSessionInputBuffer.java:166) ~[httpcore-4.2.2.jar:4.2.2]
! at org.apache.http.impl.io.SocketInputBuffer.fillBuffer(SocketInputBuffer.java:90) ~[httpcore-4.2.2.jar:4.2.2]
! at org.apache.http.impl.io.AbstractSessionInputBuffer.readLine(AbstractSessionInputBuffer.java:281) ~[httpcore-4.2.2.jar:4.2.2]
! at org.apache.http.impl.conn.DefaultHttpResponseParser.parseHead(DefaultHttpResponseParser.java:92) ~[httpclient-4.2.3.jar:4.2.3]
! at org.apache.http.impl.conn.DefaultHttpResponseParser.parseHead(DefaultHttpResponseParser.java:62) ~[httpclient-4.2.3.jar:4.2.3]
! at org.apache.http.impl.io.AbstractMessageParser.parse(AbstractMessageParser.java:254) ~[httpcore-4.2.2.jar:4.2.2]
! at org.apache.http.impl.AbstractHttpClientConnection.receiveResponseHeader(AbstractHttpClientConnection.java:289) ~[httpcore-4.2.2.jar:4.2.2]
! at org.apache.http.impl.conn.DefaultClientConnection.receiveResponseHeader(DefaultClientConnection.java:252) ~[httpclient-4.2.3.jar:4.2.3]
! at org.apache.http.impl.conn.ManagedClientConnectionImpl.receiveResponseHeader(ManagedClientConnectionImpl.java:191) ~[httpclient-4.2.3.jar:4.2.3]
! at org.apache.http.protocol.HttpRequestExecutor.doReceiveResponse(HttpRequestExecutor.java:300) ~[httpcore-4.2.2.jar:4.2.2]
! at org.apache.http.protocol.HttpRequestExecutor.execute(HttpRequestExecutor.java:127) ~[httpcore-4.2.2.jar:4.2.2]
! at org.apache.http.impl.client.DefaultRequestDirector.tryExecute(DefaultRequestDirector.java:717) ~[httpclient-4.2.3.jar:4.2.3]
! at org.apache.http.impl.client.DefaultRequestDirector.execute(DefaultRequestDirector.java:522) ~[httpclient-4.2.3.jar:4.2.3]
! at com.yammer.metrics.httpclient.InstrumentedRequestDirector.execute(InstrumentedRequestDirector.java:81) ~[metrics-httpclient-2.2.0.jar:na]
! at org.apache.http.impl.client.AbstractHttpClient.execute(AbstractHttpClient.java:906) ~[httpclient-4.2.3.jar:4.2.3]
! at com.sun.jersey.client.apache4.ApacheHttpClient4Handler.handle(ApacheHttpClient4Handler.java:168) ~[jersey-apache-client4-1.17.1.jar:1.17.1]
!... 8 common frames omitted
ERROR [2014-04-07 02:55:36,146] org.quartz.core.ErrorLogger: Job (DEFAULT.6da64b5bd2ee-e42b2694-b044-4e38-8082-4e87d84f6ce7 threw an exception.
! org.quartz.SchedulerException: Job threw an unhandled exception.
! at org.quartz.core.JobRunShell.run(JobRunShell.java:218) ~[quartz-2.2.0.jar:na]
! at org.quartz.simpl.SimpleThreadPool$WorkerThread.run(SimpleThreadPool.java:560) [quartz-2.2.0.jar:na]
Caused by: ! com.sun.jersey.api.client.ClientHandlerException: java.net.SocketTimeoutException: Read timed out
! at com.sun.jersey.client.apache4.ApacheHttpClient4Handler.handle(ApacheHttpClient4Handler.java:184) ~[jersey-apache-client4-1.17.1.jar:1.17.1]
! at com.sun.jersey.api.client.filter.GZIPContentEncodingFilter.handle(GZIPContentEncodingFilter.java:120) ~[jersey-client-1.17.1.jar:1.17.1]
! at com.sun.jersey.api.client.Client.handle(Client.java:648) ~[jersey-client-1.17.1.jar:1.17.1]
! at com.sun.jersey.api.client.WebResource.handle(WebResource.java:680) ~[jersey-client-1.17.1.jar:1.17.1]
! at com.sun.jersey.api.client.WebResource.get(WebResource.java:191) ~[jersey-client-1.17.1.jar:1.17.1]
! at edu.sjsu.cmpe.procurement.jobs.ProcurementSchedulerJob.doJob(ProcurementSchedulerJob.java:92) ~[classes/:na]
! at de.spinscale.dropwizard.jobs.Job.execute(Job.java:22) ~[classes/:na]
! at org.quartz.core.JobRunShell.run(JobRunShell.java:207) ~[quartz-2.2.0.jar:na]
!... 1 common frames omitted
Caused by: ! java.net.SocketTimeoutException: Read timed out
! at java.net.SocketInputStream.socketRead0(Native Method) ~[na:1.7.0_40]
! at java.net.SocketInputStream.read(SocketInputStream.java:152) ~[na:1.7.0_40]
! at java.net.SocketInputStream.read(SocketInputStream.java:122) ~[na:1.7.0_40]
! at org.apache.http.impl.io.AbstractSessionInputBuffer.fillBuffer(AbstractSessionInputBuffer.java:166) ~[httpcore-4.2.2.jar:4.2.2]
! at org.apache.http.impl.io.SocketInputBuffer.fillBuffer(SocketInputBuffer.java:90) ~[httpcore-4.2.2.jar:4.2.2]
! at org.apache.http.impl.io.AbstractSessionInputBuffer.readLine(AbstractSessionInputBuffer.java:281) ~[httpcore-4.2.2.jar:4.2.2]
! at org.apache.http.impl.conn.DefaultHttpResponseParser.parseHead(DefaultHttpResponseParser.java:92) ~[httpclient-4.2.3.jar:4.2.3]
! at org.apache.http.impl.conn.DefaultHttpResponseParser.parseHead(DefaultHttpResponseParser.java:62) ~[httpclient-4.2.3.jar:4.2.3]
! at org.apache.http.impl.io.AbstractMessageParser.parse(AbstractMessageParser.java:254) ~[httpcore-4.2.2.jar:4.2.2]
! at org.apache.http.impl.AbstractHttpClientConnection.receiveResponseHeader(AbstractHttpClientConnection.java:289) ~[httpcore-4.2.2.jar:4.2.2]
! at org.apache.http.impl.conn.DefaultClientConnection.receiveResponseHeader(DefaultClientConnection.java:252) ~[httpclient-4.2.3.jar:4.2.3]
! at org.apache.http.impl.conn.ManagedClientConnectionImpl.receiveResponseHeader(ManagedClientConnectionImpl.java:191) ~[httpclient-4.2.3.jar:4.2.3]
! at org.apache.http.protocol.HttpRequestExecutor.doReceiveResponse(HttpRequestExecutor.java:300) ~[httpcore-4.2.2.jar:4.2.2]
! at org.apache.http.protocol.HttpRequestExecutor.execute(HttpRequestExecutor.java:127) ~[httpcore-4.2.2.jar:4.2.2]
! at org.apache.http.impl.client.DefaultRequestDirector.tryExecute(DefaultRequestDirector.java:717) ~[httpclient-4.2.3.jar:4.2.3]
! at org.apache.http.impl.client.DefaultRequestDirector.execute(DefaultRequestDirector.java:522) ~[httpclient-4.2.3.jar:4.2.3]
! at com.yammer.metrics.httpclient.InstrumentedRequestDirector.execute(InstrumentedRequestDirector.java:81) ~[metrics-httpclient-2.2.0.jar:na]
! at org.apache.http.impl.client.AbstractHttpClient.execute(AbstractHttpClient.java:906) ~[httpclient-4.2.3.jar:4.2.3]
! at com.sun.jersey.client.apache4.ApacheHttpClient4Handler.handle(ApacheHttpClient4Handler.java:168) ~[jersey-apache-client4-1.17.1.jar:1.17.1]
!... 8 common frames omitted
ERROR [2014-04-07 02:56:37,586] org.quartz.core.JobRunShell: Job DEFAULT.6da64b5bd2ee-e42b2694-b044-4e38-8082-4e87d84f6ce7 threw an unhandled Exception: 
! com.sun.jersey.api.client.ClientHandlerException: java.net.SocketTimeoutException: Read timed out
! at com.sun.jersey.client.apache4.ApacheHttpClient4Handler.handle(ApacheHttpClient4Handler.java:184) ~[jersey-apache-client4-1.17.1.jar:1.17.1]
! at com.sun.jersey.api.client.filter.GZIPContentEncodingFilter.handle(GZIPContentEncodingFilter.java:120) ~[jersey-client-1.17.1.jar:1.17.1]
! at com.sun.jersey.api.client.Client.handle(Client.java:648) ~[jersey-client-1.17.1.jar:1.17.1]
! at com.sun.jersey.api.client.WebResource.handle(WebResource.java:680) ~[jersey-client-1.17.1.jar:1.17.1]
! at com.sun.jersey.api.client.WebResource.get(WebResource.java:191) ~[jersey-client-1.17.1.jar:1.17.1]
! at edu.sjsu.cmpe.procurement.jobs.ProcurementSchedulerJob.doJob(ProcurementSchedulerJob.java:92) ~[classes/:na]
! at de.spinscale.dropwizard.jobs.Job.execute(Job.java:22) ~[classes/:na]
! at org.quartz.core.JobRunShell.run(JobRunShell.java:207) ~[quartz-2.2.0.jar:na]
! at org.quartz.simpl.SimpleThreadPool$WorkerThread.run(SimpleThreadPool.java:560) [quartz-2.2.0.jar:na]
Caused by: ! java.net.SocketTimeoutException: Read timed out
! at java.net.SocketInputStream.socketRead0(Native Method) ~[na:1.7.0_40]
! at java.net.SocketInputStream.read(SocketInputStream.java:152) ~[na:1.7.0_40]
! at java.net.SocketInputStream.read(SocketInputStream.java:122) ~[na:1.7.0_40]
! at org.apache.http.impl.io.AbstractSessionInputBuffer.fillBuffer(AbstractSessionInputBuffer.java:166) ~[httpcore-4.2.2.jar:4.2.2]
! at org.apache.http.impl.io.SocketInputBuffer.fillBuffer(SocketInputBuffer.java:90) ~[httpcore-4.2.2.jar:4.2.2]
! at org.apache.http.impl.io.AbstractSessionInputBuffer.readLine(AbstractSessionInputBuffer.java:281) ~[httpcore-4.2.2.jar:4.2.2]
! at org.apache.http.impl.conn.DefaultHttpResponseParser.parseHead(DefaultHttpResponseParser.java:92) ~[httpclient-4.2.3.jar:4.2.3]
! at org.apache.http.impl.conn.DefaultHttpResponseParser.parseHead(DefaultHttpResponseParser.java:62) ~[httpclient-4.2.3.jar:4.2.3]
! at org.apache.http.impl.io.AbstractMessageParser.parse(AbstractMessageParser.java:254) ~[httpcore-4.2.2.jar:4.2.2]
! at org.apache.http.impl.AbstractHttpClientConnection.receiveResponseHeader(AbstractHttpClientConnection.java:289) ~[httpcore-4.2.2.jar:4.2.2]
! at org.apache.http.impl.conn.DefaultClientConnection.receiveResponseHeader(DefaultClientConnection.java:252) ~[httpclient-4.2.3.jar:4.2.3]
! at org.apache.http.impl.conn.ManagedClientConnectionImpl.receiveResponseHeader(ManagedClientConnectionImpl.java:191) ~[httpclient-4.2.3.jar:4.2.3]
! at org.apache.http.protocol.HttpRequestExecutor.doReceiveResponse(HttpRequestExecutor.java:300) ~[httpcore-4.2.2.jar:4.2.2]
! at org.apache.http.protocol.HttpRequestExecutor.execute(HttpRequestExecutor.java:127) ~[httpcore-4.2.2.jar:4.2.2]
! at org.apache.http.impl.client.DefaultRequestDirector.tryExecute(DefaultRequestDirector.java:717) ~[httpclient-4.2.3.jar:4.2.3]
! at org.apache.http.impl.client.DefaultRequestDirector.execute(DefaultRequestDirector.java:522) ~[httpclient-4.2.3.jar:4.2.3]
! at com.yammer.metrics.httpclient.InstrumentedRequestDirector.execute(InstrumentedRequestDirector.java:81) ~[metrics-httpclient-2.2.0.jar:na]
! at org.apache.http.impl.client.AbstractHttpClient.execute(AbstractHttpClient.java:906) ~[httpclient-4.2.3.jar:4.2.3]
! at com.sun.jersey.client.apache4.ApacheHttpClient4Handler.handle(ApacheHttpClient4Handler.java:168) ~[jersey-apache-client4-1.17.1.jar:1.17.1]
!... 8 common frames omitted
ERROR [2014-04-07 02:56:37,588] org.quartz.core.ErrorLogger: Job (DEFAULT.6da64b5bd2ee-e42b2694-b044-4e38-8082-4e87d84f6ce7 threw an exception.
! org.quartz.SchedulerException: Job threw an unhandled exception.
! at org.quartz.core.JobRunShell.run(JobRunShell.java:218) ~[quartz-2.2.0.jar:na]
! at org.quartz.simpl.SimpleThreadPool$WorkerThread.run(SimpleThreadPool.java:560) [quartz-2.2.0.jar:na]
Caused by: ! com.sun.jersey.api.client.ClientHandlerException: java.net.SocketTimeoutException: Read timed out
! at com.sun.jersey.client.apache4.ApacheHttpClient4Handler.handle(ApacheHttpClient4Handler.java:184) ~[jersey-apache-client4-1.17.1.jar:1.17.1]
! at com.sun.jersey.api.client.filter.GZIPContentEncodingFilter.handle(GZIPContentEncodingFilter.java:120) ~[jersey-client-1.17.1.jar:1.17.1]
! at com.sun.jersey.api.client.Client.handle(Client.java:648) ~[jersey-client-1.17.1.jar:1.17.1]
! at com.sun.jersey.api.client.WebResource.handle(WebResource.java:680) ~[jersey-client-1.17.1.jar:1.17.1]
! at com.sun.jersey.api.client.WebResource.get(WebResource.java:191) ~[jersey-client-1.17.1.jar:1.17.1]
! at edu.sjsu.cmpe.procurement.jobs.ProcurementSchedulerJob.doJob(ProcurementSchedulerJob.java:92) ~[classes/:na]
! at de.spinscale.dropwizard.jobs.Job.execute(Job.java:22) ~[classes/:na]
! at org.quartz.core.JobRunShell.run(JobRunShell.java:207) ~[quartz-2.2.0.jar:na]
!... 1 common frames omitted
Caused by: ! java.net.SocketTimeoutException: Read timed out
! at java.net.SocketInputStream.socketRead0(Native Method) ~[na:1.7.0_40]
! at java.net.SocketInputStream.read(SocketInputStream.java:152) ~[na:1.7.0_40]
! at java.net.SocketInputStream.read(SocketInputStream.java:122) ~[na:1.7.0_40]
! at org.apache.http.impl.io.AbstractSessionInputBuffer.fillBuffer(AbstractSessionInputBuffer.java:166) ~[httpcore-4.2.2.jar:4.2.2]
! at org.apache.http.impl.io.SocketInputBuffer.fillBuffer(SocketInputBuffer.java:90) ~[httpcore-4.2.2.jar:4.2.2]
! at org.apache.http.impl.io.AbstractSessionInputBuffer.readLine(AbstractSessionInputBuffer.java:281) ~[httpcore-4.2.2.jar:4.2.2]
! at org.apache.http.impl.conn.DefaultHttpResponseParser.parseHead(DefaultHttpResponseParser.java:92) ~[httpclient-4.2.3.jar:4.2.3]
! at org.apache.http.impl.conn.DefaultHttpResponseParser.parseHead(DefaultHttpResponseParser.java:62) ~[httpclient-4.2.3.jar:4.2.3]
! at org.apache.http.impl.io.AbstractMessageParser.parse(AbstractMessageParser.java:254) ~[httpcore-4.2.2.jar:4.2.2]
! at org.apache.http.impl.AbstractHttpClientConnection.receiveResponseHeader(AbstractHttpClientConnection.java:289) ~[httpcore-4.2.2.jar:4.2.2]
! at org.apache.http.impl.conn.DefaultClientConnection.receiveResponseHeader(DefaultClientConnection.java:252) ~[httpclient-4.2.3.jar:4.2.3]
! at org.apache.http.impl.conn.ManagedClientConnectionImpl.receiveResponseHeader(ManagedClientConnectionImpl.java:191) ~[httpclient-4.2.3.jar:4.2.3]
! at org.apache.http.protocol.HttpRequestExecutor.doReceiveResponse(HttpRequestExecutor.java:300) ~[httpcore-4.2.2.jar:4.2.2]
! at org.apache.http.protocol.HttpRequestExecutor.execute(HttpRequestExecutor.java:127) ~[httpcore-4.2.2.jar:4.2.2]
! at org.apache.http.impl.client.DefaultRequestDirector.tryExecute(DefaultRequestDirector.java:717) ~[httpclient-4.2.3.jar:4.2.3]
! at org.apache.http.impl.client.DefaultRequestDirector.execute(DefaultRequestDirector.java:522) ~[httpclient-4.2.3.jar:4.2.3]
! at com.yammer.metrics.httpclient.InstrumentedRequestDirector.execute(InstrumentedRequestDirector.java:81) ~[metrics-httpclient-2.2.0.jar:na]
! at org.apache.http.impl.client.AbstractHttpClient.execute(AbstractHttpClient.java:906) ~[httpclient-4.2.3.jar:4.2.3]
! at com.sun.jersey.client.apache4.ApacheHttpClient4Handler.handle(ApacheHttpClient4Handler.java:168) ~[jersey-apache-client4-1.17.1.jar:1.17.1]
!... 8 common frames omitted
INFO  [2014-04-07 02:57:52,793] org.reflections.Reflections: Reflections took 183 ms to scan 1 urls, producing 2 keys and 2 values 
DEBUG [2014-04-07 02:57:53,452] edu.sjsu.cmpe.procurement.ProcurementService: Queue name is /queue/99999.book.orders. Topic is /topic/99999.book.
WARN  [2014-04-07 02:57:53,482] com.yammer.dropwizard.config.ServerFactory: 
!!!!!!!!!!!!!!!!!!!!!!!!!!!!!!!!!!!!!!!!!!!!!!!!!!!!!!!!!!!!!!!!!!!!!!!!!!!!!!!!
!!!!!!!!!!!!!!!!!!!!!!!!!!!!!!!!!!!!!!!!!!!!!!!!!!!!!!!!!!!!!!!!!!!!!!!!!!!!!!!!
!    THIS SERVICE HAS NO HEALTHCHECKS. THIS MEANS YOU WILL NEVER KNOW IF IT    !
!    DIES IN PRODUCTION, WHICH MEANS YOU WILL NEVER KNOW IF YOU'RE LETTING     !
!     YOUR USERS DOWN. YOU SHOULD ADD A HEALTHCHECK FOR EACH DEPENDENCY OF     !
!     YOUR SERVICE WHICH FULLY (BUT LIGHTLY) TESTS YOUR SERVICE'S ABILITY TO   !
!      USE THAT SERVICE. THINK OF IT AS A CONTINUOUS INTEGRATION TEST.         !
!!!!!!!!!!!!!!!!!!!!!!!!!!!!!!!!!!!!!!!!!!!!!!!!!!!!!!!!!!!!!!!!!!!!!!!!!!!!!!!!
!!!!!!!!!!!!!!!!!!!!!!!!!!!!!!!!!!!!!!!!!!!!!!!!!!!!!!!!!!!!!!!!!!!!!!!!!!!!!!!!
INFO  [2014-04-07 02:57:53,589] com.yammer.dropwizard.cli.ServerCommand: Starting procurement-service
INFO  [2014-04-07 02:57:53,592] org.eclipse.jetty.server.Server: jetty-8.1.10.v20130312
INFO  [2014-04-07 02:57:53,734] com.sun.jersey.server.impl.application.WebApplicationImpl: Initiating Jersey application, version 'Jersey: 1.17.1 02/28/2013 12:47 PM'
INFO  [2014-04-07 02:57:53,793] com.yammer.dropwizard.config.Environment: The following paths were found for the configured resources:

    GET     / (edu.sjsu.cmpe.procurement.api.resources.RootResource)

INFO  [2014-04-07 02:57:53,793] com.yammer.dropwizard.config.Environment: tasks = 

    POST    /tasks/gc (com.yammer.dropwizard.tasks.GarbageCollectionTask)

INFO  [2014-04-07 02:57:54,120] org.quartz.impl.StdSchedulerFactory: Using default implementation for ThreadExecutor
INFO  [2014-04-07 02:57:54,126] org.quartz.simpl.SimpleThreadPool: Job execution threads will use class loader of thread: main
INFO  [2014-04-07 02:57:54,146] org.quartz.core.SchedulerSignalerImpl: Initialized Scheduler Signaller of type: class org.quartz.core.SchedulerSignalerImpl
INFO  [2014-04-07 02:57:54,147] org.quartz.core.QuartzScheduler: Quartz Scheduler v.2.2.0 created.
INFO  [2014-04-07 02:57:54,149] org.quartz.simpl.RAMJobStore: RAMJobStore initialized.
INFO  [2014-04-07 02:57:54,150] org.quartz.core.QuartzScheduler: Scheduler meta-data: Quartz Scheduler (v2.2.0) 'DefaultQuartzScheduler' with instanceId 'NON_CLUSTERED'
  Scheduler class: 'org.quartz.core.QuartzScheduler' - running locally.
  NOT STARTED.
  Currently in standby mode.
  Number of jobs executed: 0
  Using thread pool 'org.quartz.simpl.SimpleThreadPool' - with 10 threads.
  Using job-store 'org.quartz.simpl.RAMJobStore' - which does not support persistence. and is not clustered.

INFO  [2014-04-07 02:57:54,150] org.quartz.impl.StdSchedulerFactory: Quartz scheduler 'DefaultQuartzScheduler' initialized from default resource file in Quartz package: 'quartz.properties'
INFO  [2014-04-07 02:57:54,150] org.quartz.impl.StdSchedulerFactory: Quartz scheduler version: 2.2.0
INFO  [2014-04-07 02:57:54,150] org.quartz.core.QuartzScheduler: Scheduler DefaultQuartzScheduler_$_NON_CLUSTERED started.
INFO  [2014-04-07 02:57:54,156] de.spinscale.dropwizard.jobs.JobManager: Jobs to run on application start: []
INFO  [2014-04-07 02:57:54,157] de.spinscale.dropwizard.jobs.JobManager: Jobs with @Every annotation: [class edu.sjsu.cmpe.procurement.jobs.ProcurementSchedulerJob]
INFO  [2014-04-07 02:57:54,171] de.spinscale.dropwizard.jobs.JobManager: Jobs with @On annotation: []
INFO  [2014-04-07 02:57:54,181] org.eclipse.jetty.server.AbstractConnector: Started InstrumentedBlockingChannelConnector@0.0.0.0:9090
WARN  [2014-04-07 02:57:54,184] org.eclipse.jetty.server.AbstractConnector: insufficient threads configured for SocketConnector@0.0.0.0:9000
INFO  [2014-04-07 02:57:54,185] org.eclipse.jetty.server.AbstractConnector: Started SocketConnector@0.0.0.0:9000
DEBUG [2014-04-07 02:58:00,847] edu.sjsu.cmpe.procurement.jobs.ProcurementSchedulerJob: Response from jsontest.com: {"ip": "50.156.90.53"}

INFO  [2014-04-07 03:06:20,848] org.reflections.Reflections: Reflections took 148 ms to scan 1 urls, producing 2 keys and 2 values 
DEBUG [2014-04-07 03:06:21,671] edu.sjsu.cmpe.procurement.ProcurementService: Queue name is /queue/99999.book.orders. Topic is /topic/99999.book.
WARN  [2014-04-07 03:06:21,708] com.yammer.dropwizard.config.ServerFactory: 
!!!!!!!!!!!!!!!!!!!!!!!!!!!!!!!!!!!!!!!!!!!!!!!!!!!!!!!!!!!!!!!!!!!!!!!!!!!!!!!!
!!!!!!!!!!!!!!!!!!!!!!!!!!!!!!!!!!!!!!!!!!!!!!!!!!!!!!!!!!!!!!!!!!!!!!!!!!!!!!!!
!    THIS SERVICE HAS NO HEALTHCHECKS. THIS MEANS YOU WILL NEVER KNOW IF IT    !
!    DIES IN PRODUCTION, WHICH MEANS YOU WILL NEVER KNOW IF YOU'RE LETTING     !
!     YOUR USERS DOWN. YOU SHOULD ADD A HEALTHCHECK FOR EACH DEPENDENCY OF     !
!     YOUR SERVICE WHICH FULLY (BUT LIGHTLY) TESTS YOUR SERVICE'S ABILITY TO   !
!      USE THAT SERVICE. THINK OF IT AS A CONTINUOUS INTEGRATION TEST.         !
!!!!!!!!!!!!!!!!!!!!!!!!!!!!!!!!!!!!!!!!!!!!!!!!!!!!!!!!!!!!!!!!!!!!!!!!!!!!!!!!
!!!!!!!!!!!!!!!!!!!!!!!!!!!!!!!!!!!!!!!!!!!!!!!!!!!!!!!!!!!!!!!!!!!!!!!!!!!!!!!!
INFO  [2014-04-07 03:06:21,839] com.yammer.dropwizard.cli.ServerCommand: Starting procurement-service
INFO  [2014-04-07 03:06:21,843] org.eclipse.jetty.server.Server: jetty-8.1.10.v20130312
INFO  [2014-04-07 03:06:22,004] com.sun.jersey.server.impl.application.WebApplicationImpl: Initiating Jersey application, version 'Jersey: 1.17.1 02/28/2013 12:47 PM'
INFO  [2014-04-07 03:06:22,077] com.yammer.dropwizard.config.Environment: The following paths were found for the configured resources:

    GET     / (edu.sjsu.cmpe.procurement.api.resources.RootResource)

INFO  [2014-04-07 03:06:22,078] com.yammer.dropwizard.config.Environment: tasks = 

    POST    /tasks/gc (com.yammer.dropwizard.tasks.GarbageCollectionTask)

INFO  [2014-04-07 03:06:22,507] org.quartz.impl.StdSchedulerFactory: Using default implementation for ThreadExecutor
INFO  [2014-04-07 03:06:22,512] org.quartz.simpl.SimpleThreadPool: Job execution threads will use class loader of thread: main
INFO  [2014-04-07 03:06:22,535] org.quartz.core.SchedulerSignalerImpl: Initialized Scheduler Signaller of type: class org.quartz.core.SchedulerSignalerImpl
INFO  [2014-04-07 03:06:22,537] org.quartz.core.QuartzScheduler: Quartz Scheduler v.2.2.0 created.
INFO  [2014-04-07 03:06:22,539] org.quartz.simpl.RAMJobStore: RAMJobStore initialized.
INFO  [2014-04-07 03:06:22,540] org.quartz.core.QuartzScheduler: Scheduler meta-data: Quartz Scheduler (v2.2.0) 'DefaultQuartzScheduler' with instanceId 'NON_CLUSTERED'
  Scheduler class: 'org.quartz.core.QuartzScheduler' - running locally.
  NOT STARTED.
  Currently in standby mode.
  Number of jobs executed: 0
  Using thread pool 'org.quartz.simpl.SimpleThreadPool' - with 10 threads.
  Using job-store 'org.quartz.simpl.RAMJobStore' - which does not support persistence. and is not clustered.

INFO  [2014-04-07 03:06:22,540] org.quartz.impl.StdSchedulerFactory: Quartz scheduler 'DefaultQuartzScheduler' initialized from default resource file in Quartz package: 'quartz.properties'
INFO  [2014-04-07 03:06:22,540] org.quartz.impl.StdSchedulerFactory: Quartz scheduler version: 2.2.0
INFO  [2014-04-07 03:06:22,541] org.quartz.core.QuartzScheduler: Scheduler DefaultQuartzScheduler_$_NON_CLUSTERED started.
INFO  [2014-04-07 03:06:22,549] de.spinscale.dropwizard.jobs.JobManager: Jobs to run on application start: []
INFO  [2014-04-07 03:06:22,550] de.spinscale.dropwizard.jobs.JobManager: Jobs with @Every annotation: [class edu.sjsu.cmpe.procurement.jobs.ProcurementSchedulerJob]
INFO  [2014-04-07 03:06:22,567] de.spinscale.dropwizard.jobs.JobManager: Jobs with @On annotation: []
INFO  [2014-04-07 03:06:22,578] org.eclipse.jetty.server.AbstractConnector: Started InstrumentedBlockingChannelConnector@0.0.0.0:9090
INFO  [2014-04-07 03:06:22,582] org.eclipse.jetty.server.AbstractConnector: Started SocketConnector@0.0.0.0:9000
DEBUG [2014-04-07 03:06:33,243] edu.sjsu.cmpe.procurement.jobs.ProcurementSchedulerJob: Response from jsontest.com: {"ip": "50.156.90.53"}

DEBUG [2014-04-07 03:07:35,971] edu.sjsu.cmpe.procurement.jobs.ProcurementSchedulerJob: Response from jsontest.com: {"ip": "50.156.90.53"}

